<?xml version="1.0" encoding="UTF-8"?>
<!-- Generated by org.testng.reporters.JUnitReportReporter -->
<testsuite hostname="DESKTOP-O9D4OD9" failures="0" tests="2" name="maingroupproject.Subproject.AppiumTest" time="0.005" errors="0" timestamp="2021-05-10T19:54:25 IST" skipped="0">
  <testcase classname="maingroupproject.Subproject.AppiumTest" name="NativeAppAndroid" time="0.003"/>
  <system-out/>
  <testcase classname="maingroupproject.Subproject.AppiumTest" name="IosApps" time="0.002"/>
  <system-out/>
</testsuite> <!-- maingroupproject.Subproject.AppiumTest -->
