<?xml version="1.0" encoding="UTF-8"?>
<!-- Generated by org.testng.reporters.JUnitReportReporter -->
<testsuite hostname="DESKTOP-O9D4OD9" failures="0" tests="2" name="maingroupproject.Subproject.SeleniumTest" time="0.088" errors="0" timestamp="2021-05-10T19:54:25 IST" skipped="0">
  <testcase classname="maingroupproject.Subproject.SeleniumTest" name="elementsui" time="0.004"/>
  <system-out/>
  <testcase classname="maingroupproject.Subproject.SeleniumTest" name="BrowserAutomation" time="0.075"/>
  <system-out/>
</testsuite> <!-- maingroupproject.Subproject.SeleniumTest -->
