<?xml version="1.0" encoding="UTF-8"?>
<!-- Generated by org.testng.reporters.JUnitReportReporter -->
<testsuite hostname="DESKTOP-O9D4OD9" failures="0" tests="2" name="maingroupproject.Subproject.RestapiTest" time="0.004" errors="0" timestamp="2021-05-10T19:54:25 IST" skipped="0">
  <testcase classname="maingroupproject.Subproject.RestapiTest" name="deletetwitter" time="0.002"/>
  <system-out/>
  <testcase classname="maingroupproject.Subproject.RestapiTest" name="podjira" time="0.002"/>
  <system-out/>
</testsuite> <!-- maingroupproject.Subproject.RestapiTest -->
