<?xml version="1.0" encoding="UTF-8"?>
<!-- Generated by org.testng.reporters.JUnitReportReporter -->
<testsuite hostname="DESKTOP-O9D4OD9" failures="0" tests="2" name="maingroupproject.Subproject.AppiumTest" time="0.008" errors="0" timestamp="2021-05-14T20:06:17 IST" skipped="0">
  <testcase classname="maingroupproject.Subproject.AppiumTest" name="NativeAppAndroid" time="0.000"/>
  <system-out/>
  <testcase classname="maingroupproject.Subproject.AppiumTest" name="IosApps" time="0.008"/>
  <system-out/>
</testsuite> <!-- maingroupproject.Subproject.AppiumTest -->
